<?xml version="1.0" encoding="UTF-8"?>
<testsuite xmlns:xsi="http://www.w3.org/2001/XMLSchema-instance" xsi:noNamespaceSchemaLocation="https://maven.apache.org/surefire/maven-surefire-plugin/xsd/surefire-test-report-3.0.xsd" version="3.0" name="TestSuite" time="3.929" tests="2" errors="0" skipped="0" failures="0">
  <properties>
    <property name="java.specification.version" value="13"/>
    <property name="sun.jnu.encoding" value="UTF-8"/>
    <property name="java.class.path" value="/Users/bkaratepe/IdeaProjects/RestAsurredExample/target/test-classes:/Users/bkaratepe/IdeaProjects/RestAsurredExample/target/classes:/Users/bkaratepe/.m2/repository/io/rest-assured/rest-assured/5.3.0/rest-assured-5.3.0.jar:/Users/bkaratepe/.m2/repository/org/apache/groovy/groovy/4.0.6/groovy-4.0.6.jar:/Users/bkaratepe/.m2/repository/org/apache/groovy/groovy-xml/4.0.6/groovy-xml-4.0.6.jar:/Users/bkaratepe/.m2/repository/org/apache/httpcomponents/httpclient/4.5.13/httpclient-4.5.13.jar:/Users/bkaratepe/.m2/repository/org/apache/httpcomponents/httpcore/4.4.13/httpcore-4.4.13.jar:/Users/bkaratepe/.m2/repository/commons-logging/commons-logging/1.2/commons-logging-1.2.jar:/Users/bkaratepe/.m2/repository/commons-codec/commons-codec/1.11/commons-codec-1.11.jar:/Users/bkaratepe/.m2/repository/org/apache/httpcomponents/httpmime/4.5.13/httpmime-4.5.13.jar:/Users/bkaratepe/.m2/repository/org/hamcrest/hamcrest/2.1/hamcrest-2.1.jar:/Users/bkaratepe/.m2/repository/org/ccil/cowan/tagsoup/tagsoup/1.2.1/tagsoup-1.2.1.jar:/Users/bkaratepe/.m2/repository/io/rest-assured/json-path/5.3.0/json-path-5.3.0.jar:/Users/bkaratepe/.m2/repository/org/apache/groovy/groovy-json/4.0.6/groovy-json-4.0.6.jar:/Users/bkaratepe/.m2/repository/io/rest-assured/rest-assured-common/5.3.0/rest-assured-common-5.3.0.jar:/Users/bkaratepe/.m2/repository/io/rest-assured/xml-path/5.3.0/xml-path-5.3.0.jar:/Users/bkaratepe/.m2/repository/org/apache/commons/commons-lang3/3.11/commons-lang3-3.11.jar:/Users/bkaratepe/.m2/repository/org/testng/testng/7.7.1/testng-7.7.1.jar:/Users/bkaratepe/.m2/repository/org/slf4j/slf4j-api/1.7.36/slf4j-api-1.7.36.jar:/Users/bkaratepe/.m2/repository/com/beust/jcommander/1.82/jcommander-1.82.jar:/Users/bkaratepe/.m2/repository/org/webjars/jquery/3.6.1/jquery-3.6.1.jar:/Users/bkaratepe/.m2/repository/com/google/code/gson/gson/2.10.1/gson-2.10.1.jar:"/>
    <property name="java.vm.vendor" value="Oracle Corporation"/>
    <property name="sun.arch.data.model" value="64"/>
    <property name="java.vendor.url" value="https://java.oracle.com/"/>
    <property name="user.timezone" value="Europe/Istanbul"/>
    <property name="suiteXmlFile" value="testng.xml"/>
    <property name="os.name" value="Mac OS X"/>
    <property name="java.vm.specification.version" value="13"/>
    <property name="sun.java.launcher" value="SUN_STANDARD"/>
    <property name="user.country" value="TR"/>
    <property name="sun.boot.library.path" value="/Library/Java/JavaVirtualMachines/jdk-13.0.2.jdk/Contents/Home/lib"/>
    <property name="sun.java.command" value="/Users/bkaratepe/IdeaProjects/RestAsurredExample/target/surefire/surefirebooter16007429929668962847.jar /Users/bkaratepe/IdeaProjects/RestAsurredExample/target/surefire 2023-03-01T14-34-06_727-jvmRun1 surefire8058211580141529730tmp surefire_02906568152748798209tmp"/>
    <property name="http.nonProxyHosts" value="local|*.local|169.254/16|*.169.254/16"/>
    <property name="jdk.debug" value="release"/>
    <property name="surefire.test.class.path" value="/Users/bkaratepe/IdeaProjects/RestAsurredExample/target/test-classes:/Users/bkaratepe/IdeaProjects/RestAsurredExample/target/classes:/Users/bkaratepe/.m2/repository/io/rest-assured/rest-assured/5.3.0/rest-assured-5.3.0.jar:/Users/bkaratepe/.m2/repository/org/apache/groovy/groovy/4.0.6/groovy-4.0.6.jar:/Users/bkaratepe/.m2/repository/org/apache/groovy/groovy-xml/4.0.6/groovy-xml-4.0.6.jar:/Users/bkaratepe/.m2/repository/org/apache/httpcomponents/httpclient/4.5.13/httpclient-4.5.13.jar:/Users/bkaratepe/.m2/repository/org/apache/httpcomponents/httpcore/4.4.13/httpcore-4.4.13.jar:/Users/bkaratepe/.m2/repository/commons-logging/commons-logging/1.2/commons-logging-1.2.jar:/Users/bkaratepe/.m2/repository/commons-codec/commons-codec/1.11/commons-codec-1.11.jar:/Users/bkaratepe/.m2/repository/org/apache/httpcomponents/httpmime/4.5.13/httpmime-4.5.13.jar:/Users/bkaratepe/.m2/repository/org/hamcrest/hamcrest/2.1/hamcrest-2.1.jar:/Users/bkaratepe/.m2/repository/org/ccil/cowan/tagsoup/tagsoup/1.2.1/tagsoup-1.2.1.jar:/Users/bkaratepe/.m2/repository/io/rest-assured/json-path/5.3.0/json-path-5.3.0.jar:/Users/bkaratepe/.m2/repository/org/apache/groovy/groovy-json/4.0.6/groovy-json-4.0.6.jar:/Users/bkaratepe/.m2/repository/io/rest-assured/rest-assured-common/5.3.0/rest-assured-common-5.3.0.jar:/Users/bkaratepe/.m2/repository/io/rest-assured/xml-path/5.3.0/xml-path-5.3.0.jar:/Users/bkaratepe/.m2/repository/org/apache/commons/commons-lang3/3.11/commons-lang3-3.11.jar:/Users/bkaratepe/.m2/repository/org/testng/testng/7.7.1/testng-7.7.1.jar:/Users/bkaratepe/.m2/repository/org/slf4j/slf4j-api/1.7.36/slf4j-api-1.7.36.jar:/Users/bkaratepe/.m2/repository/com/beust/jcommander/1.82/jcommander-1.82.jar:/Users/bkaratepe/.m2/repository/org/webjars/jquery/3.6.1/jquery-3.6.1.jar:/Users/bkaratepe/.m2/repository/com/google/code/gson/gson/2.10.1/gson-2.10.1.jar:"/>
    <property name="sun.cpu.endian" value="little"/>
    <property name="user.home" value="/Users/bkaratepe"/>
    <property name="user.language" value="en"/>
    <property name="java.specification.vendor" value="Oracle Corporation"/>
    <property name="java.version.date" value="2020-01-14"/>
    <property name="java.home" value="/Library/Java/JavaVirtualMachines/jdk-13.0.2.jdk/Contents/Home"/>
    <property name="file.separator" value="/"/>
    <property name="basedir" value="/Users/bkaratepe/IdeaProjects/RestAsurredExample"/>
    <property name="java.vm.compressedOopsMode" value="Zero based"/>
    <property name="line.separator" value="&#10;"/>
    <property name="java.specification.name" value="Java Platform API Specification"/>
    <property name="java.vm.specification.vendor" value="Oracle Corporation"/>
    <property name="surefire.real.class.path" value="/Users/bkaratepe/IdeaProjects/RestAsurredExample/target/surefire/surefirebooter16007429929668962847.jar"/>
    <property name="sun.management.compiler" value="HotSpot 64-Bit Tiered Compilers"/>
    <property name="ftp.nonProxyHosts" value="local|*.local|169.254/16|*.169.254/16"/>
    <property name="java.runtime.version" value="13.0.2+8"/>
    <property name="user.name" value="bkaratepe"/>
    <property name="path.separator" value=":"/>
    <property name="os.version" value="10.16"/>
    <property name="java.runtime.name" value="Java(TM) SE Runtime Environment"/>
    <property name="file.encoding" value="UTF-8"/>
    <property name="java.vm.name" value="Java HotSpot(TM) 64-Bit Server VM"/>
    <property name="localRepository" value="/Users/bkaratepe/.m2/repository"/>
    <property name="java.vendor.url.bug" value="https://bugreport.java.com/bugreport/"/>
    <property name="java.io.tmpdir" value="/var/folders/wm/7lg1r1nx767_9pxh6lk3hxfr0000gp/T/"/>
    <property name="java.version" value="13.0.2"/>
    <property name="user.dir" value="/Users/bkaratepe/IdeaProjects/RestAsurredExample"/>
    <property name="os.arch" value="x86_64"/>
    <property name="java.vm.specification.name" value="Java Virtual Machine Specification"/>
    <property name="java.library.path" value="/Users/bkaratepe/Library/Java/Extensions:/Library/Java/Extensions:/Network/Library/Java/Extensions:/System/Library/Java/Extensions:/usr/lib/java:."/>
    <property name="java.vm.info" value="mixed mode, sharing"/>
    <property name="java.vendor" value="Oracle Corporation"/>
    <property name="java.vm.version" value="13.0.2+8"/>
    <property name="sun.io.unicode.encoding" value="UnicodeBig"/>
    <property name="socksNonProxyHosts" value="local|*.local|169.254/16|*.169.254/16"/>
    <property name="java.class.version" value="57.0"/>
  </properties>
  <testcase name="getUsersResponseTime[1](1)" classname="Tests.UserServiceTests" time="3.318">
    <system-out><![CDATA[page -> 1
]]></system-out>
    <system-err><![CDATA[SLF4J: Failed to load class "org.slf4j.impl.StaticLoggerBinder".
SLF4J: Defaulting to no-operation (NOP) logger implementation
SLF4J: See http://www.slf4j.org/codes.html#StaticLoggerBinder for further details.
]]></system-err>
  </testcase>
  <testcase name="getUser[5](1)" classname="Tests.UserServiceTests" time="0">
    <system-out><![CDATA[5
]]></system-out>
  </testcase>
</testsuite>