<?xml version="1.0" encoding="UTF-8"?>
<!-- Generated by org.testng.reporters.JUnitReportReporter -->
<testsuite hostname="Bkaratepe.invio.com" failures="0" tests="2" name="Tests.UserServiceTests" time="3.323" errors="0" timestamp="2023-03-01T14:34:11 EET" skipped="0">
  <testcase classname="Tests.UserServiceTests" name="getUser" time="0.000"/>
  <system-out/>
  <testcase classname="Tests.UserServiceTests" name="getUsersResponseTime" time="3.323"/>
  <system-out/>
</testsuite> <!-- Tests.UserServiceTests -->
